<?xml version="1.0" encoding="UTF-8"?>
<!-- Generated by org.testng.reporters.JUnitXMLReporter -->
<testsuite ignored="0" hostname="C02HF4EGQ6L5" failures="0" tests="4" name="Test" time="0.096" errors="0" timestamp="2023-02-23T10:30:14 IST">
  <testcase classname="testComponents.BaseTest" name="@BeforeMethod launchApplication" time="0.006">
    <failure type="java.io.FileNotFoundException" message="/Users/GO20371782/Documents/Learning/Selenium Udemy/SeleniumFramework/src/main/java/resources/GlobalData.properties (No such file or directory)">
      <![CDATA[java.io.FileNotFoundException: /Users/GO20371782/Documents/Learning/Selenium Udemy/SeleniumFramework/src/main/java/resources/GlobalData.properties (No such file or directory)
at java.base/java.io.FileInputStream.open0(Native Method)
at java.base/java.io.FileInputStream.open(FileInputStream.java:216)
at java.base/java.io.FileInputStream.<init>(FileInputStream.java:157)
at java.base/java.io.FileInputStream.<init>(FileInputStream.java:111)
at testComponents.BaseTest.initializeBrowser(BaseTest.java:31)
at testComponents.BaseTest.launchApplication(BaseTest.java:65)
at java.base/java.util.ArrayList.forEach(ArrayList.java:1511)
... Removed 31 stack frames]]>
    </failure>
  </testcase> <!-- @BeforeMethod launchApplication -->
  <testcase classname="testComponents.BaseTest" name="@AfterMethod tearDown" time="-1.677128414785E9">
    <skipped/>
  </testcase> <!-- @AfterMethod tearDown -->
  <testcase classname="testComponents.BaseTest" name="@BeforeMethod launchApplication" time="-1.677128414789E9">
    <skipped/>
  </testcase> <!-- @BeforeMethod launchApplication -->
  <testcase classname="testComponents.BaseTest" name="@AfterMethod tearDown" time="-1.677128414798E9">
    <skipped/>
  </testcase> <!-- @AfterMethod tearDown -->
  <testcase classname="testComponents.BaseTest" name="@BeforeMethod launchApplication" time="0.0">
    <failure type="java.io.FileNotFoundException" message="/Users/GO20371782/Documents/Learning/Selenium Udemy/SeleniumFramework/src/main/java/resources/GlobalData.properties (No such file or directory)">
      <![CDATA[java.io.FileNotFoundException: /Users/GO20371782/Documents/Learning/Selenium Udemy/SeleniumFramework/src/main/java/resources/GlobalData.properties (No such file or directory)
at java.base/java.io.FileInputStream.open0(Native Method)
at java.base/java.io.FileInputStream.open(FileInputStream.java:216)
at java.base/java.io.FileInputStream.<init>(FileInputStream.java:157)
at java.base/java.io.FileInputStream.<init>(FileInputStream.java:111)
at testComponents.BaseTest.initializeBrowser(BaseTest.java:31)
at testComponents.BaseTest.launchApplication(BaseTest.java:65)
at java.base/java.util.ArrayList.forEach(ArrayList.java:1511)
... Removed 31 stack frames]]>
    </failure>
  </testcase> <!-- @BeforeMethod launchApplication -->
  <testcase classname="testComponents.BaseTest" name="@AfterMethod tearDown" time="-1.677128414814E9">
    <skipped/>
  </testcase> <!-- @AfterMethod tearDown -->
  <testcase classname="com.wipro.ErrorValidation" name="cartProductValidation" time="0.0">
    <skipped/>
  </testcase> <!-- cartProductValidation -->
  <testcase classname="com.wipro.ErrorValidation" name="loginErrorValidation" time="0.0">
    <skipped/>
  </testcase> <!-- loginErrorValidation -->
  <testcase classname="com.wipro.SubmitOrderTest" name="submitOrder" time="0.0">
    <skipped/>
  </testcase> <!-- submitOrder -->
  <testcase classname="com.wipro.SubmitOrderTest" name="orderHistory" time="0.0">
    <skipped/>
  </testcase> <!-- orderHistory -->
</testsuite> <!-- Test -->
